
/*************** Nueva partida *****************/
columnas: 7
filas: 6
c: 4
p: 21
color: azul
color del oponente: rojo
vas primero: True
/**********************************************/
envio <type 'str'>: azul rojo
envio <type 'str'>: 7 6 4 21
envio <type 'str'>: vos
recibo <type 'str'>: 3
envio <type 'int'>: 2
recibo <type 'str'>: 2
envio <type 'int'>: 1
recibo <type 'str'>: 3
envio <type 'int'>: 4
recibo <type 'str'>: 4
envio <type 'int'>: 1
recibo <type 'str'>: 1
envio <type 'int'>: 5
recibo <type 'str'>: 5
envio <type 'str'>: ganaste

/*************** Nueva partida *****************/
columnas: 7
filas: 6
c: 4
p: 21
color: azul
color del oponente: rojo
vas primero: True
/**********************************************/
envio <type 'str'>: azul rojo
envio <type 'str'>: 7 6 4 21
envio <type 'str'>: vos
recibo <type 'str'>: 3
envio <type 'int'>: 2
recibo <type 'str'>: 2
envio <type 'int'>: 1
recibo <type 'str'>: 3
envio <type 'int'>: 1
recibo <type 'str'>: 1
envio <type 'int'>: 4
recibo <type 'str'>: 4
envio <type 'int'>: 4
recibo <type 'str'>: 3
envio <type 'int'>: 3
recibo <type 'str'>: 4
envio <type 'int'>: 2
recibo <type 'str'>: 4
envio <type 'str'>: perdiste
envio <type 'str'>: salir
recibo <type 'str'>: listo

/*************** Nueva partida *****************/
columnas: 7
filas: 6
c: 4
p: 21
color: azul
color del oponente: rojo
vas primero: True
/**********************************************/
envio <type 'str'>: azul rojo
envio <type 'str'>: 7 6 4 21
envio <type 'str'>: vos
recibo <type 'str'>: 3
envio <type 'int'>: 2
recibo <type 'str'>: 2
envio <type 'int'>: 5
recibo <type 'str'>: 3
envio <type 'int'>: 5
recibo <type 'str'>: 5
envio <type 'int'>: 3
recibo <type 'str'>: 2
envio <type 'int'>: 2
recibo <type 'str'>: 3
envio <type 'int'>: 1
recibo <type 'str'>: 1
envio <type 'int'>: 2
recibo <type 'str'>: 0
envio <type 'str'>: ganaste

/*************** Nueva partida *****************/
columnas: 7
filas: 6
c: 4
p: 21
color: azul
color del oponente: rojo
vas primero: True
/**********************************************/
envio <type 'str'>: azul rojo
envio <type 'str'>: 7 6 4 21
envio <type 'str'>: vos
recibo <type 'str'>: 3
envio <type 'int'>: 0
recibo <type 'str'>: 0

/*************** Nueva partida *****************/
columnas: 7
filas: 6
c: 4
p: 21
color: azul
color del oponente: rojo
vas primero: True
/**********************************************/
envio <type 'str'>: azul rojo
envio <type 'str'>: 7 6 4 21
envio <type 'str'>: vos
recibo <type 'str'>: 3
envio <type 'int'>: 0
recibo <type 'str'>: 0
envio <type 'int'>: 3
recibo <type 'str'>: 3
envio <type 'int'>: 3
recibo <type 'str'>: 0
envio <type 'str'>: salir
recibo <type 'str'>: listo

/*************** Nueva partida *****************/
columnas: 7
filas: 6
c: 4
p: 21
color: azul
color del oponente: rojo
vas primero: True
/**********************************************/
envio <type 'str'>: azul rojo
envio <type 'str'>: 7 6 4 21
envio <type 'str'>: vos
recibo <type 'str'>: 3
envio <type 'int'>: 0
recibo <type 'str'>: 0
envio <type 'int'>: 3
recibo <type 'str'>: 3
envio <type 'str'>: salir
recibo <type 'str'>: listo
envio <type 'str'>: salir
recibo <type 'str'>: listo

/*************** Nueva partida *****************/
columnas: 7
filas: 6
c: 4
p: 21
color: azul
color del oponente: rojo
vas primero: True
/**********************************************/
envio <type 'str'>: azul rojo
envio <type 'str'>: 7 6 4 21
envio <type 'str'>: vos
recibo <type 'str'>: 3

/*************** Nueva partida *****************/
columnas: 7
filas: 6
c: 4
p: 21
color: azul
color del oponente: rojo
vas primero: True
/**********************************************/
envio <type 'str'>: azul rojo
envio <type 'str'>: 7 6 4 21
envio <type 'str'>: vos
recibo <type 'str'>: 3
envio <type 'int'>: 0
recibo <type 'str'>: 0
envio <type 'int'>: 0
recibo <type 'str'>: 0
envio <type 'int'>: 3
recibo <type 'str'>: 2
envio <type 'int'>: 3
recibo <type 'str'>: 2
envio <type 'int'>: 4
recibo <type 'str'>: 4
envio <type 'int'>: 2
recibo <type 'str'>: 2
envio <type 'int'>: 3
recibo <type 'str'>: 1
envio <type 'int'>: 1
recibo <type 'str'>: 4
envio <type 'str'>: ganaste

/*************** Nueva partida *****************/
columnas: 7
filas: 6
c: 4
p: 21
color: azul
color del oponente: rojo
vas primero: True
/**********************************************/
envio <type 'str'>: azul rojo
envio <type 'str'>: 7 6 4 21
envio <type 'str'>: vos
recibo <type 'str'>: 3
envio <type 'int'>: 0
recibo <type 'str'>: 0
envio <type 'int'>: 3
recibo <type 'str'>: 2
envio <type 'int'>: 4
recibo <type 'str'>: 4
envio <type 'int'>: 3
recibo <type 'str'>: 3
envio <type 'int'>: 3
recibo <type 'str'>: 3
envio <type 'int'>: 5
recibo <type 'str'>: 4
envio <type 'int'>: 5
recibo <type 'str'>: 4
envio <type 'int'>: 4
recibo <type 'str'>: 2
envio <type 'int'>: 4
recibo <type 'str'>: 2
envio <type 'int'>: 2
recibo <type 'str'>: 2
envio <type 'int'>: 2
recibo <type 'str'>: 2
envio <type 'int'>: 1
recibo <type 'str'>: 5
envio <type 'int'>: 1
recibo <type 'str'>: 5
envio <type 'int'>: 6
recibo <type 'str'>: 2
envio <type 'str'>: ganaste
envio <type 'int'>: 6
recibo <type 'str'>: 2
envio <type 'str'>: ganaste
envio <type 'str'>: salir
recibo <type 'str'>: listo
envio <type 'str'>: salir
recibo <type 'str'>: listo

/*************** Nueva partida *****************/
columnas: 7
filas: 6
c: 4
p: 21
color: azul
color del oponente: rojo
vas primero: True
/**********************************************/
envio <type 'str'>: azul rojo
envio <type 'str'>: 7 6 4 21
envio <type 'str'>: vos
recibo <type 'str'>: 3
envio <type 'int'>: 2
recibo <type 'str'>: 2
envio <type 'int'>: 3
recibo <type 'str'>: 2
envio <type 'int'>: 2
recibo <type 'str'>: 3
envio <type 'int'>: 3
recibo <type 'str'>: 2
envio <type 'int'>: 3
recibo <type 'str'>: 2
envio <type 'int'>: 3
recibo <type 'str'>: 1
envio <type 'int'>: 1
recibo <type 'str'>: 1
envio <type 'int'>: 1
recibo <type 'str'>: 4
envio <type 'int'>: 5
recibo <type 'str'>: 4
envio <type 'int'>: 4
recibo <type 'str'>: 4
envio <type 'str'>: ganaste

/*************** Nueva partida *****************/
columnas: 7
filas: 6
c: 4
p: 21
color: azul
color del oponente: rojo
vas primero: True
/**********************************************/
envio <type 'str'>: azul rojo
envio <type 'str'>: 7 6 4 21
envio <type 'str'>: vos
recibo <type 'str'>: 3
envio <type 'int'>: 2
recibo <type 'str'>: 2
envio <type 'int'>: 3
recibo <type 'str'>: 2
envio <type 'int'>: 2
recibo <type 'str'>: 3
envio <type 'int'>: 3
recibo <type 'str'>: 2
envio <type 'int'>: 3
recibo <type 'str'>: 2
envio <type 'int'>: 3
recibo <type 'str'>: 1
envio <type 'int'>: 1
recibo <type 'str'>: 1
envio <type 'int'>: 1
recibo <type 'str'>: 4
envio <type 'int'>: 5
recibo <type 'str'>: 4
envio <type 'int'>: 4
recibo <type 'str'>: 4
envio <type 'str'>: ganaste
envio <type 'str'>: salir
recibo <type 'str'>: listo

/*************** Nueva partida *****************/
columnas: 7
filas: 6
c: 4
p: 21
color: azul
color del oponente: rojo
vas primero: False
/**********************************************/
envio <type 'str'>: azul rojo
envio <type 'str'>: 7 6 4 21
envio <type 'str'>: el
envio <type 'int'>: 3
recibo <type 'str'>: 2
envio <type 'int'>: 2
recibo <type 'str'>: 3
envio <type 'int'>: 2
recibo <type 'str'>: 2
envio <type 'int'>: 3
recibo <type 'str'>: 1
envio <type 'int'>: 3
recibo <type 'str'>: 1
envio <type 'int'>: 1
recibo <type 'str'>: 3
envio <type 'int'>: 2
recibo <type 'str'>: 1
envio <type 'int'>: 4
recibo <type 'str'>: 5
envio <type 'int'>: 4
recibo <type 'str'>: 4
envio <type 'int'>: 4
recibo <type 'str'>: 4
envio <type 'int'>: 5
recibo <type 'str'>: 5
envio <type 'int'>: 5
recibo <type 'str'>: 5
envio <type 'int'>: 0
recibo <type 'str'>: 0
envio <type 'str'>: perdiste

/*************** Nueva partida *****************/
columnas: 7
filas: 6
c: 4
p: 21
color: azul
color del oponente: rojo
vas primero: False
/**********************************************/
envio <type 'str'>: azul rojo
envio <type 'str'>: 7 6 4 21
envio <type 'str'>: el
envio <type 'int'>: 3
recibo <type 'str'>: 2
envio <type 'int'>: 2
recibo <type 'str'>: 3
envio <type 'int'>: 2
recibo <type 'str'>: 2
envio <type 'int'>: 3
recibo <type 'str'>: 1
envio <type 'int'>: 3
recibo <type 'str'>: 1
envio <type 'int'>: 1
recibo <type 'str'>: 3
envio <type 'int'>: 2
recibo <type 'str'>: 1
envio <type 'int'>: 4
recibo <type 'str'>: 5
envio <type 'int'>: 4
recibo <type 'str'>: 4
envio <type 'int'>: 4
recibo <type 'str'>: 4
envio <type 'int'>: 5
recibo <type 'str'>: 5
envio <type 'int'>: 5
recibo <type 'str'>: 5
envio <type 'int'>: 0
recibo <type 'str'>: 0
envio <type 'str'>: perdiste
envio <type 'str'>: salir
recibo <type 'str'>: listo

/*************** Nueva partida *****************/
columnas: 7
filas: 6
c: 4
p: 21
color: azul
color del oponente: rojo
vas primero: False
/**********************************************/
envio <type 'str'>: azul rojo
envio <type 'str'>: 7 6 4 21
envio <type 'str'>: el
envio <type 'int'>: 3
recibo <type 'str'>: 3
envio <type 'int'>: 0
recibo <type 'str'>: 2
envio <type 'int'>: 0
recibo <type 'str'>: 0
envio <type 'int'>: 0
recibo <type 'str'>: 2
envio <type 'int'>: 0
recibo <type 'str'>: 2
envio <type 'int'>: 2
recibo <type 'str'>: 4
envio <type 'int'>: 0
recibo <type 'str'>: 4
envio <type 'int'>: 2
recibo <type 'str'>: 4
envio <type 'int'>: 4
recibo <type 'str'>: 3
envio <type 'int'>: 2
recibo <type 'str'>: 3
envio <type 'int'>: 3
recibo <type 'str'>: 4
envio <type 'int'>: 3
recibo <type 'str'>: 4
envio <type 'int'>: 6
recibo <type 'str'>: 6
envio <type 'int'>: 6
recibo <type 'str'>: 6
envio <type 'int'>: 6
recibo <type 'str'>: 6
envio <type 'int'>: 5
recibo <type 'str'>: 5
envio <type 'str'>: ganaste
envio <type 'str'>: salir
recibo <type 'str'>: listo

/*************** Nueva partida *****************/
columnas: 7
filas: 6
c: 4
p: 21
color: azul
color del oponente: rojo
vas primero: True
/**********************************************/
envio <type 'str'>: azul rojo
envio <type 'str'>: 7 6 4 21
envio <type 'str'>: vos
recibo <type 'str'>: 3
envio <type 'int'>: 0
recibo <type 'str'>: 0
envio <type 'int'>: 0
recibo <type 'str'>: 0
envio <type 'int'>: 0
recibo <type 'str'>: 3
envio <type 'int'>: 0
recibo <type 'str'>: 3
envio <type 'int'>: 3
recibo <type 'str'>: 2
envio <type 'int'>: 3
recibo <type 'str'>: 4
envio <type 'int'>: 5
recibo <type 'str'>: 1
envio <type 'str'>: ganaste

/*************** Nueva partida *****************/
columnas: 7
filas: 6
c: 4
p: 21
color: azul
color del oponente: rojo
vas primero: True
/**********************************************/
envio <type 'str'>: azul rojo
envio <type 'str'>: 7 6 4 21
envio <type 'str'>: vos
recibo <type 'str'>: 3
envio <type 'int'>: 0
recibo <type 'str'>: 0
envio <type 'int'>: 0
recibo <type 'str'>: 0
envio <type 'int'>: 0
recibo <type 'str'>: 3
envio <type 'int'>: 0
recibo <type 'str'>: 3
envio <type 'int'>: 3
recibo <type 'str'>: 2
envio <type 'int'>: 3
recibo <type 'str'>: 4
envio <type 'int'>: 5
recibo <type 'str'>: 1
envio <type 'str'>: ganaste
envio <type 'str'>: salir
recibo <type 'str'>: listo

/*************** Nueva partida *****************/
columnas: 7
filas: 6
c: 4
p: 21
color: azul
color del oponente: rojo
vas primero: False
/**********************************************/
envio <type 'str'>: azul rojo
envio <type 'str'>: 7 6 4 21
envio <type 'str'>: el
envio <type 'int'>: 2
recibo <type 'str'>: 2
envio <type 'int'>: 4
recibo <type 'str'>: 3
envio <type 'int'>: 3
recibo <type 'str'>: 2
envio <type 'int'>: 2
recibo <type 'str'>: 3
envio <type 'int'>: 1
recibo <type 'str'>: 3
envio <type 'int'>: 3
recibo <type 'str'>: 2
envio <type 'int'>: 2
recibo <type 'str'>: 3
envio <type 'int'>: 0
recibo <type 'str'>: 0
envio <type 'int'>: 6
recibo <type 'str'>: 6
envio <type 'int'>: 6
recibo <type 'str'>: 6
envio <type 'int'>: 6
recibo <type 'str'>: 1
envio <type 'int'>: 1
recibo <type 'str'>: 1
envio <type 'int'>: 0
recibo <type 'str'>: 0
envio <type 'int'>: 6
recibo <type 'str'>: 0
envio <type 'int'>: 0
recibo <type 'str'>: 4
envio <type 'int'>: 4
recibo <type 'str'>: 1
envio <type 'int'>: 5
recibo <type 'str'>: 1
envio <type 'int'>: 5
recibo <type 'str'>: 5
envio <type 'str'>: ganaste

/*************** Nueva partida *****************/
columnas: 7
filas: 6
c: 4
p: 21
color: azul
color del oponente: rojo
vas primero: False
/**********************************************/
envio <type 'str'>: azul rojo
envio <type 'str'>: 7 6 4 21
envio <type 'str'>: el
envio <type 'int'>: 3
recibo <type 'str'>: 3
envio <type 'int'>: 3
recibo <type 'str'>: 3
envio <type 'int'>: 3
recibo <type 'str'>: 2
envio <type 'int'>: 2
recibo <type 'str'>: 1
envio <type 'int'>: 2
recibo <type 'str'>: 2
envio <type 'int'>: 2
recibo <type 'str'>: 2
envio <type 'int'>: 3
recibo <type 'str'>: 5
envio <type 'int'>: 5
recibo <type 'str'>: 5
envio <type 'int'>: 5
recibo <type 'str'>: 5
envio <type 'int'>: 0
recibo <type 'str'>: 0
envio <type 'int'>: 0
recibo <type 'str'>: 0
envio <type 'int'>: 0
recibo <type 'str'>: 0
envio <type 'int'>: 5
recibo <type 'str'>: 6
envio <type 'int'>: 4
recibo <type 'str'>: 6
envio <type 'int'>: 6
recibo <type 'str'>: 6
envio <type 'int'>: 6
recibo <type 'str'>: 6
envio <type 'int'>: 4
recibo <type 'str'>: 4
envio <type 'int'>: 4
recibo <type 'str'>: 4
envio <type 'int'>: 4
recibo <type 'str'>: 1
envio <type 'str'>: perdiste
envio <type 'str'>: salir
recibo <type 'str'>: listo

/*************** Nueva partida *****************/
columnas: 7
filas: 6
c: 4
p: 21
color: azul
color del oponente: rojo
vas primero: True
/**********************************************/
envio <type 'str'>: azul rojo
envio <type 'str'>: 7 6 4 21
envio <type 'str'>: vos
recibo <type 'str'>: 3
envio <type 'int'>: 3
recibo <type 'str'>: 2
envio <type 'int'>: 4
recibo <type 'str'>: 1
envio <type 'int'>: 0
recibo <type 'str'>: 4
envio <type 'int'>: 1
recibo <type 'str'>: 3
envio <type 'int'>: 4
recibo <type 'str'>: 2
envio <type 'int'>: 4
recibo <type 'str'>: 2
envio <type 'int'>: 2
recibo <type 'str'>: 1
envio <type 'int'>: 3
recibo <type 'str'>: 1
envio <type 'int'>: 6
recibo <type 'str'>: 2
envio <type 'int'>: 6
recibo <type 'str'>: 4
envio <type 'int'>: 3
recibo <type 'str'>: 2
envio <type 'int'>: 5
recibo <type 'str'>: 5
envio <type 'str'>: perdiste
envio <type 'str'>: salir
recibo <type 'str'>: listo

/*************** Nueva partida *****************/
columnas: 7
filas: 6
c: 4
p: 21
color: azul
color del oponente: rojo
vas primero: False
/**********************************************/
envio <type 'str'>: azul rojo
envio <type 'str'>: 7 6 4 21
envio <type 'str'>: el
envio <type 'int'>: 3
recibo <type 'str'>: 3
envio <type 'int'>: 3
recibo <type 'str'>: 3
envio <type 'int'>: 0
recibo <type 'str'>: 0
envio <type 'int'>: 0
recibo <type 'str'>: 0
envio <type 'int'>: 0
recibo <type 'str'>: 2
envio <type 'int'>: 0
recibo <type 'str'>: 2
envio <type 'int'>: 2
recibo <type 'str'>: 2
envio <type 'int'>: 2
recibo <type 'str'>: 3
envio <type 'int'>: 2
recibo <type 'str'>: 3
envio <type 'int'>: 5
recibo <type 'str'>: 4
envio <type 'int'>: 4
recibo <type 'str'>: 4
envio <type 'int'>: 4
recibo <type 'str'>: 5
envio <type 'int'>: 6
recibo <type 'str'>: 4
envio <type 'int'>: 4
recibo <type 'str'>: 6
envio <type 'int'>: 6
recibo <type 'str'>: 6
envio <type 'int'>: 6
recibo <type 'str'>: 6
envio <type 'int'>: 5
recibo <type 'str'>: 5
envio <type 'str'>: ganaste

/*************** Nueva partida *****************/
columnas: 7
filas: 6
c: 4
p: 21
color: azul
color del oponente: rojo
vas primero: False
/**********************************************/
envio <type 'str'>: azul rojo
envio <type 'str'>: 7 6 4 21
envio <type 'str'>: el
envio <type 'int'>: 3
recibo <type 'str'>: 3
envio <type 'int'>: 3
recibo <type 'str'>: 3
envio <type 'str'>: salir
recibo <type 'str'>: listo

/*************** Nueva partida *****************/
columnas: 7
filas: 6
c: 4
p: 21
color: azul
color del oponente: rojo
vas primero: False
/**********************************************/
envio <type 'str'>: azul rojo
envio <type 'str'>: 7 6 4 21
envio <type 'str'>: el
envio <type 'int'>: 4
recibo <type 'str'>: 4
envio <type 'int'>: 2
recibo <type 'str'>: 3
envio <type 'int'>: 2
recibo <type 'str'>: 2
envio <type 'int'>: 3
recibo <type 'str'>: 4
envio <type 'int'>: 3
recibo <type 'str'>: 4
envio <type 'int'>: 4
recibo <type 'str'>: 3
envio <type 'int'>: 2
recibo <type 'str'>: 2
envio <type 'int'>: 3
recibo <type 'str'>: 4
envio <type 'int'>: 1
recibo <type 'str'>: 1
envio <type 'int'>: 0
recibo <type 'str'>: 1
envio <type 'int'>: 5
recibo <type 'str'>: 5
envio <type 'str'>: ganaste

/*************** Nueva partida *****************/
columnas: 7
filas: 6
c: 4
p: 21
color: azul
color del oponente: rojo
vas primero: False
/**********************************************/
envio <type 'str'>: azul rojo
envio <type 'str'>: 7 6 4 21
envio <type 'str'>: el
envio <type 'int'>: 3
recibo <type 'str'>: 3
envio <type 'int'>: 2
recibo <type 'str'>: 4
envio <type 'int'>: 1
recibo <type 'str'>: 0
envio <type 'int'>: 2
recibo <type 'str'>: 2
envio <type 'int'>: 3
recibo <type 'str'>: 4
envio <type 'int'>: 1
recibo <type 'str'>: 2
envio <type 'int'>: 5
recibo <type 'str'>: 5
envio <type 'int'>: 5
recibo <type 'str'>: 2
envio <type 'int'>: 2
recibo <type 'str'>: 3
envio <type 'int'>: 0
recibo <type 'str'>: 4
envio <type 'str'>: ganaste

/*************** Nueva partida *****************/
columnas: 7
filas: 6
c: 4
p: 21
color: azul
color del oponente: rojo
vas primero: False
/**********************************************/
envio <type 'str'>: azul rojo
envio <type 'str'>: 7 6 4 21
envio <type 'str'>: el
envio <type 'str'>: salir
recibo <type 'str'>: listo

/*************** Nueva partida *****************/
columnas: 7
filas: 6
c: 4
p: 21
color: azul
color del oponente: rojo
vas primero: False
/**********************************************/
envio <type 'str'>: azul rojo
envio <type 'str'>: 7 6 4 21
envio <type 'str'>: el
envio <type 'int'>: 6
recibo <type 'str'>: 6
envio <type 'int'>: 5
recibo <type 'str'>: 4
envio <type 'int'>: 4
recibo <type 'str'>: 5
envio <type 'int'>: 6
recibo <type 'str'>: 5
envio <type 'int'>: 5
recibo <type 'str'>: 4
envio <type 'int'>: 5
recibo <type 'str'>: 4
envio <type 'int'>: 4
recibo <type 'str'>: 5
envio <type 'int'>: 3
recibo <type 'str'>: 4
envio <type 'int'>: 2
recibo <type 'str'>: 1
envio <type 'int'>: 1
recibo <type 'str'>: 2
envio <type 'int'>: 0
recibo <type 'str'>: 2
envio <type 'int'>: 0
recibo <type 'str'>: 0
envio <type 'int'>: 1
recibo <type 'str'>: 2
envio <type 'int'>: 2
recibo <type 'str'>: 1
envio <type 'int'>: 6
recibo <type 'str'>: 3
envio <type 'str'>: ganaste

/*************** Nueva partida *****************/
columnas: 7
filas: 6
c: 4
p: 21
color: azul
color del oponente: rojo
vas primero: False
/**********************************************/
envio <type 'str'>: azul rojo
envio <type 'str'>: 7 6 4 21
envio <type 'str'>: el
envio <type 'str'>: salir
recibo <type 'str'>: listo

/*************** Nueva partida *****************/
columnas: 7
filas: 6
c: 4
p: 21
color: azul
color del oponente: rojo
vas primero: False
/**********************************************/
envio <type 'str'>: azul rojo
envio <type 'str'>: 7 6 4 21
envio <type 'str'>: el
envio <type 'int'>: 2
recibo <type 'str'>: 1
envio <type 'int'>: 2
recibo <type 'str'>: 2
envio <type 'int'>: 3
recibo <type 'str'>: 2
envio <type 'int'>: 4
recibo <type 'str'>: 5
envio <type 'int'>: 4
recibo <type 'str'>: 2
envio <type 'int'>: 2
recibo <type 'str'>: 3
envio <type 'int'>: 3
recibo <type 'str'>: 3
envio <type 'int'>: 3
recibo <type 'str'>: 1
envio <type 'int'>: 0
recibo <type 'str'>: 4
envio <type 'int'>: 5
recibo <type 'str'>: 1
envio <type 'int'>: 1
recibo <type 'str'>: 0
envio <type 'int'>: 4
recibo <type 'str'>: 4
envio <type 'str'>: ganaste

/*************** Nueva partida *****************/
columnas: 7
filas: 6
c: 4
p: 21
color: azul
color del oponente: rojo
vas primero: False
/**********************************************/
envio <type 'str'>: azul rojo
envio <type 'str'>: 7 6 4 21
envio <type 'str'>: el
envio <type 'int'>: 3
recibo <type 'str'>: 3
envio <type 'int'>: 3
recibo <type 'str'>: 2
envio <type 'int'>: 2
recibo <type 'str'>: 1
envio <type 'int'>: 2
recibo <type 'str'>: 2
envio <type 'int'>: 3
recibo <type 'str'>: 3
envio <type 'int'>: 0
recibo <type 'str'>: 1
envio <type 'int'>: 1
recibo <type 'str'>: 2
envio <type 'int'>: 0
recibo <type 'str'>: 2
envio <type 'str'>: perdiste

/*************** Nueva partida *****************/
columnas: 7
filas: 6
c: 4
p: 21
color: azul
color del oponente: rojo
vas primero: False
/**********************************************/
envio <type 'str'>: azul rojo
envio <type 'str'>: 7 6 4 21
envio <type 'str'>: el
envio <type 'str'>: salir
recibo <type 'str'>: listo

/*************** Nueva partida *****************/
columnas: 7
filas: 6
c: 4
p: 21
color: azul
color del oponente: rojo
vas primero: False
/**********************************************/
envio <type 'str'>: azul rojo
envio <type 'str'>: 7 6 4 21
envio <type 'str'>: el
envio <type 'int'>: 2
recibo <type 'str'>: 1
envio <type 'int'>: 2
recibo <type 'str'>: 2
envio <type 'int'>: 2
recibo <type 'str'>: 1
envio <type 'int'>: 1
recibo <type 'str'>: 0
envio <type 'int'>: 3
recibo <type 'str'>: 0
envio <type 'int'>: 2
recibo <type 'str'>: 4
envio <type 'int'>: 1
recibo <type 'str'>: 1
envio <type 'int'>: 5
recibo <type 'str'>: 4
envio <type 'int'>: 4
recibo <type 'str'>: 3
envio <type 'int'>: 5
recibo <type 'str'>: 5
envio <type 'int'>: 4
recibo <type 'str'>: 4
envio <type 'int'>: 4
recibo <type 'str'>: 6
envio <type 'int'>: 6
recibo <type 'str'>: 5
envio <type 'int'>: 5
recibo <type 'str'>: 6
envio <type 'str'>: perdiste

/*************** Nueva partida *****************/
columnas: 7
filas: 6
c: 4
p: 21
color: azul
color del oponente: rojo
vas primero: False
/**********************************************/
envio <type 'str'>: azul rojo
envio <type 'str'>: 7 6 4 21
envio <type 'str'>: el
envio <type 'str'>: salir
recibo <type 'str'>: listo
